[debug] [2025-11-26T18:11:19.336Z] Object "/extensions" in "firebase.json" has unknown property: {"additionalProperty":"mailersend-email"}
[debug] [2025-11-26T18:11:19.341Z] Object "/extensions" in "firebase.json" has unknown property: {"additionalProperty":"mailersend-email"}
[debug] [2025-11-26T18:11:19.340Z] Object "/extensions" in "firebase.json" has unknown property: {"additionalProperty":"mailersend-email"}
[debug] [2025-11-26T18:11:19.342Z] Object "/extensions" in "firebase.json" has unknown property: {"additionalProperty":"mailersend-email"}
[debug] [2025-11-26T18:11:19.342Z] Object "/extensions" in "firebase.json" has unknown property: {"additionalProperty":"mailersend-email"}
[debug] [2025-11-26T18:11:19.342Z] Object "/extensions" in "firebase.json" has unknown property: {"additionalProperty":"mailersend-email"}
[debug] [2025-11-26T18:11:19.343Z] Object "/extensions" in "firebase.json" has unknown property: {"additionalProperty":"mailersend-email"}
[debug] [2025-11-26T18:11:19.343Z] > command requires scopes: ["email","openid","https://www.googleapis.com/auth/cloudplatformprojects.readonly","https://www.googleapis.com/auth/firebase","https://www.googleapis.com/auth/cloud-platform"]
[debug] [2025-11-26T18:11:19.343Z] > authorizing via signed-in user (jasper.huting@gmail.com)
[debug] [2025-11-26T18:11:19.343Z] > command requires scopes: ["email","openid","https://www.googleapis.com/auth/cloudplatformprojects.readonly","https://www.googleapis.com/auth/firebase","https://www.googleapis.com/auth/cloud-platform"]
[debug] [2025-11-26T18:11:19.343Z] > authorizing via signed-in user (jasper.huting@gmail.com)
[debug] [2025-11-26T18:11:19.343Z] Object "/extensions" in "firebase.json" has unknown property: {"additionalProperty":"mailersend-email"}
[debug] [2025-11-26T18:11:19.347Z] Checked if tokens are valid: false, expires at: 1764022988839
[debug] [2025-11-26T18:11:19.347Z] Checked if tokens are valid: false, expires at: 1764022988839
[debug] [2025-11-26T18:11:19.347Z] > refreshing access token with scopes: []
[debug] [2025-11-26T18:11:19.348Z] >>> [apiv2][query] POST https://www.googleapis.com/oauth2/v3/token [none]
[debug] [2025-11-26T18:11:19.348Z] >>> [apiv2][body] POST https://www.googleapis.com/oauth2/v3/token [omitted]
[debug] [2025-11-26T18:11:19.352Z] Checked if tokens are valid: false, expires at: 1764022988839
[debug] [2025-11-26T18:11:19.353Z] Checked if tokens are valid: false, expires at: 1764022988839
[debug] [2025-11-26T18:11:19.353Z] > refreshing access token with scopes: []
[debug] [2025-11-26T18:11:19.353Z] >>> [apiv2][query] POST https://www.googleapis.com/oauth2/v3/token [none]
[debug] [2025-11-26T18:11:19.353Z] >>> [apiv2][body] POST https://www.googleapis.com/oauth2/v3/token [omitted]
[debug] [2025-11-26T18:11:19.353Z] Checked if tokens are valid: false, expires at: 1764022988839
[debug] [2025-11-26T18:11:19.353Z] Checked if tokens are valid: false, expires at: 1764022988839
[debug] [2025-11-26T18:11:19.353Z] > refreshing access token with scopes: []
[debug] [2025-11-26T18:11:19.353Z] >>> [apiv2][query] POST https://www.googleapis.com/oauth2/v3/token [none]
[debug] [2025-11-26T18:11:19.353Z] >>> [apiv2][body] POST https://www.googleapis.com/oauth2/v3/token [omitted]
[debug] [2025-11-26T18:11:19.354Z] Object "/extensions" in "firebase.json" has unknown property: {"additionalProperty":"mailersend-email"}
[debug] [2025-11-26T18:11:19.354Z] Checked if tokens are valid: false, expires at: 1764022988839
[debug] [2025-11-26T18:11:19.354Z] Checked if tokens are valid: false, expires at: 1764022988839
[debug] [2025-11-26T18:11:19.354Z] > refreshing access token with scopes: []
[debug] [2025-11-26T18:11:19.354Z] >>> [apiv2][query] POST https://www.googleapis.com/oauth2/v3/token [none]
[debug] [2025-11-26T18:11:19.354Z] >>> [apiv2][body] POST https://www.googleapis.com/oauth2/v3/token [omitted]
[debug] [2025-11-26T18:11:19.355Z] Checked if tokens are valid: false, expires at: 1764022988839
[debug] [2025-11-26T18:11:19.355Z] Checked if tokens are valid: false, expires at: 1764022988839
[debug] [2025-11-26T18:11:19.355Z] > refreshing access token with scopes: []
[debug] [2025-11-26T18:11:19.356Z] >>> [apiv2][query] POST https://www.googleapis.com/oauth2/v3/token [none]
[debug] [2025-11-26T18:11:19.356Z] >>> [apiv2][body] POST https://www.googleapis.com/oauth2/v3/token [omitted]
[debug] [2025-11-26T18:11:19.356Z] Checked if tokens are valid: false, expires at: 1764022988839
[debug] [2025-11-26T18:11:19.356Z] Checked if tokens are valid: false, expires at: 1764022988839
[debug] [2025-11-26T18:11:19.356Z] > refreshing access token with scopes: []
[debug] [2025-11-26T18:11:19.357Z] >>> [apiv2][query] POST https://www.googleapis.com/oauth2/v3/token [none]
[debug] [2025-11-26T18:11:19.357Z] >>> [apiv2][body] POST https://www.googleapis.com/oauth2/v3/token [omitted]
[debug] [2025-11-26T18:11:19.357Z] > command requires scopes: ["email","openid","https://www.googleapis.com/auth/cloudplatformprojects.readonly","https://www.googleapis.com/auth/firebase","https://www.googleapis.com/auth/cloud-platform"]
[debug] [2025-11-26T18:11:19.357Z] > authorizing via signed-in user (jasper.huting@gmail.com)
[debug] [2025-11-26T18:11:19.357Z] Object "/extensions" in "firebase.json" has unknown property: {"additionalProperty":"mailersend-email"}
[debug] [2025-11-26T18:11:19.358Z] Checked if tokens are valid: false, expires at: 1764022988839
[debug] [2025-11-26T18:11:19.358Z] Checked if tokens are valid: false, expires at: 1764022988839
[debug] [2025-11-26T18:11:19.358Z] > refreshing access token with scopes: []
[debug] [2025-11-26T18:11:19.358Z] >>> [apiv2][query] POST https://www.googleapis.com/oauth2/v3/token [none]
[debug] [2025-11-26T18:11:19.358Z] >>> [apiv2][body] POST https://www.googleapis.com/oauth2/v3/token [omitted]
[debug] [2025-11-26T18:11:19.359Z] Checked if tokens are valid: false, expires at: 1764022988839
[debug] [2025-11-26T18:11:19.359Z] Checked if tokens are valid: false, expires at: 1764022988839
[debug] [2025-11-26T18:11:19.359Z] > refreshing access token with scopes: []
[debug] [2025-11-26T18:11:19.359Z] >>> [apiv2][query] POST https://www.googleapis.com/oauth2/v3/token [none]
[debug] [2025-11-26T18:11:19.359Z] >>> [apiv2][body] POST https://www.googleapis.com/oauth2/v3/token [omitted]
[debug] [2025-11-26T18:11:19.360Z] Checked if tokens are valid: false, expires at: 1764022988839
[debug] [2025-11-26T18:11:19.360Z] Checked if tokens are valid: false, expires at: 1764022988839
[debug] [2025-11-26T18:11:19.360Z] > refreshing access token with scopes: []
[debug] [2025-11-26T18:11:19.360Z] >>> [apiv2][query] POST https://www.googleapis.com/oauth2/v3/token [none]
[debug] [2025-11-26T18:11:19.360Z] >>> [apiv2][body] POST https://www.googleapis.com/oauth2/v3/token [omitted]
[debug] [2025-11-26T18:11:19.344Z] Object "/extensions" in "firebase.json" has unknown property: {"additionalProperty":"mailersend-email"}
[debug] [2025-11-26T18:11:19.345Z] Object "/extensions" in "firebase.json" has unknown property: {"additionalProperty":"mailersend-email"}
[debug] [2025-11-26T18:11:19.345Z] Object "/extensions" in "firebase.json" has unknown property: {"additionalProperty":"mailersend-email"}
[debug] [2025-11-26T18:11:19.346Z] Object "/extensions" in "firebase.json" has unknown property: {"additionalProperty":"mailersend-email"}
[debug] [2025-11-26T18:11:19.346Z] Object "/extensions" in "firebase.json" has unknown property: {"additionalProperty":"mailersend-email"}
[debug] [2025-11-26T18:11:19.347Z] > command requires scopes: ["email","openid","https://www.googleapis.com/auth/cloudplatformprojects.readonly","https://www.googleapis.com/auth/firebase","https://www.googleapis.com/auth/cloud-platform"]
[debug] [2025-11-26T18:11:19.347Z] > authorizing via signed-in user (jasper.huting@gmail.com)
[debug] [2025-11-26T18:11:19.347Z] > command requires scopes: ["email","openid","https://www.googleapis.com/auth/cloudplatformprojects.readonly","https://www.googleapis.com/auth/firebase","https://www.googleapis.com/auth/cloud-platform"]
[debug] [2025-11-26T18:11:19.347Z] > authorizing via signed-in user (jasper.huting@gmail.com)
[debug] [2025-11-26T18:11:19.347Z] Object "/extensions" in "firebase.json" has unknown property: {"additionalProperty":"mailersend-email"}
[debug] [2025-11-26T18:11:19.350Z] Checked if tokens are valid: false, expires at: 1764022988839
[debug] [2025-11-26T18:11:19.350Z] Checked if tokens are valid: false, expires at: 1764022988839
[debug] [2025-11-26T18:11:19.350Z] > refreshing access token with scopes: []
[debug] [2025-11-26T18:11:19.351Z] >>> [apiv2][query] POST https://www.googleapis.com/oauth2/v3/token [none]
[debug] [2025-11-26T18:11:19.351Z] >>> [apiv2][body] POST https://www.googleapis.com/oauth2/v3/token [omitted]
[debug] [2025-11-26T18:11:19.356Z] Checked if tokens are valid: false, expires at: 1764022988839
[debug] [2025-11-26T18:11:19.356Z] Checked if tokens are valid: false, expires at: 1764022988839
[debug] [2025-11-26T18:11:19.356Z] > refreshing access token with scopes: []
[debug] [2025-11-26T18:11:19.356Z] >>> [apiv2][query] POST https://www.googleapis.com/oauth2/v3/token [none]
[debug] [2025-11-26T18:11:19.356Z] >>> [apiv2][body] POST https://www.googleapis.com/oauth2/v3/token [omitted]
[debug] [2025-11-26T18:11:19.357Z] Checked if tokens are valid: false, expires at: 1764022988839
[debug] [2025-11-26T18:11:19.357Z] Checked if tokens are valid: false, expires at: 1764022988839
[debug] [2025-11-26T18:11:19.357Z] > refreshing access token with scopes: []
[debug] [2025-11-26T18:11:19.357Z] >>> [apiv2][query] POST https://www.googleapis.com/oauth2/v3/token [none]
[debug] [2025-11-26T18:11:19.357Z] >>> [apiv2][body] POST https://www.googleapis.com/oauth2/v3/token [omitted]
[debug] [2025-11-26T18:11:19.358Z] Object "/extensions" in "firebase.json" has unknown property: {"additionalProperty":"mailersend-email"}
[debug] [2025-11-26T18:11:19.358Z] Checked if tokens are valid: false, expires at: 1764022988839
[debug] [2025-11-26T18:11:19.358Z] Checked if tokens are valid: false, expires at: 1764022988839
[debug] [2025-11-26T18:11:19.358Z] > refreshing access token with scopes: []
[debug] [2025-11-26T18:11:19.358Z] >>> [apiv2][query] POST https://www.googleapis.com/oauth2/v3/token [none]
[debug] [2025-11-26T18:11:19.358Z] >>> [apiv2][body] POST https://www.googleapis.com/oauth2/v3/token [omitted]
[debug] [2025-11-26T18:11:19.359Z] Checked if tokens are valid: false, expires at: 1764022988839
[debug] [2025-11-26T18:11:19.359Z] Checked if tokens are valid: false, expires at: 1764022988839
[debug] [2025-11-26T18:11:19.359Z] > refreshing access token with scopes: []
[debug] [2025-11-26T18:11:19.359Z] >>> [apiv2][query] POST https://www.googleapis.com/oauth2/v3/token [none]
[debug] [2025-11-26T18:11:19.359Z] >>> [apiv2][body] POST https://www.googleapis.com/oauth2/v3/token [omitted]
[debug] [2025-11-26T18:11:19.360Z] Checked if tokens are valid: false, expires at: 1764022988839
[debug] [2025-11-26T18:11:19.360Z] Checked if tokens are valid: false, expires at: 1764022988839
[debug] [2025-11-26T18:11:19.360Z] > refreshing access token with scopes: []
[debug] [2025-11-26T18:11:19.360Z] >>> [apiv2][query] POST https://www.googleapis.com/oauth2/v3/token [none]
[debug] [2025-11-26T18:11:19.360Z] >>> [apiv2][body] POST https://www.googleapis.com/oauth2/v3/token [omitted]
[debug] [2025-11-26T18:11:19.361Z] > command requires scopes: ["email","openid","https://www.googleapis.com/auth/cloudplatformprojects.readonly","https://www.googleapis.com/auth/firebase","https://www.googleapis.com/auth/cloud-platform"]
[debug] [2025-11-26T18:11:19.361Z] > authorizing via signed-in user (jasper.huting@gmail.com)
[debug] [2025-11-26T18:11:19.361Z] Object "/extensions" in "firebase.json" has unknown property: {"additionalProperty":"mailersend-email"}
[debug] [2025-11-26T18:11:19.361Z] Checked if tokens are valid: false, expires at: 1764022988839
[debug] [2025-11-26T18:11:19.361Z] Checked if tokens are valid: false, expires at: 1764022988839
[debug] [2025-11-26T18:11:19.361Z] > refreshing access token with scopes: []
[debug] [2025-11-26T18:11:19.361Z] >>> [apiv2][query] POST https://www.googleapis.com/oauth2/v3/token [none]
[debug] [2025-11-26T18:11:19.361Z] >>> [apiv2][body] POST https://www.googleapis.com/oauth2/v3/token [omitted]
[debug] [2025-11-26T18:11:19.362Z] Checked if tokens are valid: false, expires at: 1764022988839
[debug] [2025-11-26T18:11:19.362Z] Checked if tokens are valid: false, expires at: 1764022988839
[debug] [2025-11-26T18:11:19.362Z] > refreshing access token with scopes: []
[debug] [2025-11-26T18:11:19.362Z] >>> [apiv2][query] POST https://www.googleapis.com/oauth2/v3/token [none]
[debug] [2025-11-26T18:11:19.362Z] >>> [apiv2][body] POST https://www.googleapis.com/oauth2/v3/token [omitted]
[debug] [2025-11-26T18:11:19.363Z] Checked if tokens are valid: false, expires at: 1764022988839
[debug] [2025-11-26T18:11:19.363Z] Checked if tokens are valid: false, expires at: 1764022988839
[debug] [2025-11-26T18:11:19.363Z] > refreshing access token with scopes: []
[debug] [2025-11-26T18:11:19.363Z] >>> [apiv2][query] POST https://www.googleapis.com/oauth2/v3/token [none]
[debug] [2025-11-26T18:11:19.363Z] >>> [apiv2][body] POST https://www.googleapis.com/oauth2/v3/token [omitted]
[debug] [2025-11-26T18:11:19.464Z] <<< [apiv2][status] POST https://www.googleapis.com/oauth2/v3/token 200
[debug] [2025-11-26T18:11:19.465Z] <<< [apiv2][status] POST https://www.googleapis.com/oauth2/v3/token 200
[debug] [2025-11-26T18:11:19.464Z] <<< [apiv2][body] POST https://www.googleapis.com/oauth2/v3/token [omitted]
[debug] [2025-11-26T18:11:19.531Z] >>> [apiv2][query] GET https://serviceusage.googleapis.com/v1/projects/oracle-games-b6af6/services/firebaseapphosting.googleapis.com [none]
[debug] [2025-11-26T18:11:19.531Z] >>> [apiv2][(partial)header] GET https://serviceusage.googleapis.com/v1/projects/oracle-games-b6af6/services/firebaseapphosting.googleapis.com x-goog-quota-user=projects/oracle-games-b6af6
[debug] [2025-11-26T18:11:19.534Z] <<< [apiv2][status] POST https://www.googleapis.com/oauth2/v3/token 200
[debug] [2025-11-26T18:11:19.534Z] <<< [apiv2][body] POST https://www.googleapis.com/oauth2/v3/token [omitted]
[debug] [2025-11-26T18:11:19.546Z] >>> [apiv2][query] GET https://serviceusage.googleapis.com/v1/projects/oracle-games-b6af6/services/firebasedataconnect.googleapis.com [none]
[debug] [2025-11-26T18:11:19.547Z] >>> [apiv2][(partial)header] GET https://serviceusage.googleapis.com/v1/projects/oracle-games-b6af6/services/firebasedataconnect.googleapis.com x-goog-quota-user=projects/oracle-games-b6af6
[debug] [2025-11-26T18:11:19.465Z] <<< [apiv2][body] POST https://www.googleapis.com/oauth2/v3/token [omitted]
[debug] [2025-11-26T18:11:19.534Z] >>> [apiv2][query] GET https://serviceusage.googleapis.com/v1/projects/oracle-games-b6af6/services/firebaseapphosting.googleapis.com [none]
[debug] [2025-11-26T18:11:19.534Z] >>> [apiv2][(partial)header] GET https://serviceusage.googleapis.com/v1/projects/oracle-games-b6af6/services/firebaseapphosting.googleapis.com x-goog-quota-user=projects/oracle-games-b6af6
[debug] [2025-11-26T18:11:19.535Z] <<< [apiv2][status] POST https://www.googleapis.com/oauth2/v3/token 200
[debug] [2025-11-26T18:11:19.535Z] <<< [apiv2][body] POST https://www.googleapis.com/oauth2/v3/token [omitted]
[debug] [2025-11-26T18:11:19.550Z] >>> [apiv2][query] GET https://serviceusage.googleapis.com/v1/projects/oracle-games-b6af6/services/firebaseapphosting.googleapis.com [none]
[debug] [2025-11-26T18:11:19.551Z] >>> [apiv2][(partial)header] GET https://serviceusage.googleapis.com/v1/projects/oracle-games-b6af6/services/firebaseapphosting.googleapis.com x-goog-quota-user=projects/oracle-games-b6af6
[debug] [2025-11-26T18:11:19.553Z] <<< [apiv2][status] POST https://www.googleapis.com/oauth2/v3/token 200
[debug] [2025-11-26T18:11:19.553Z] <<< [apiv2][body] POST https://www.googleapis.com/oauth2/v3/token [omitted]
[debug] [2025-11-26T18:11:19.568Z] >>> [apiv2][query] GET https://serviceusage.googleapis.com/v1/projects/oracle-games-b6af6/services/firebaseio.com [none]
[debug] [2025-11-26T18:11:19.568Z] >>> [apiv2][(partial)header] GET https://serviceusage.googleapis.com/v1/projects/oracle-games-b6af6/services/firebaseio.com x-goog-quota-user=projects/oracle-games-b6af6
[debug] [2025-11-26T18:11:19.569Z] <<< [apiv2][status] POST https://www.googleapis.com/oauth2/v3/token 200
[debug] [2025-11-26T18:11:19.569Z] <<< [apiv2][body] POST https://www.googleapis.com/oauth2/v3/token [omitted]
[debug] [2025-11-26T18:11:19.582Z] >>> [apiv2][query] GET https://serviceusage.googleapis.com/v1/projects/oracle-games-b6af6/services/firebaseio.com [none]
[debug] [2025-11-26T18:11:19.583Z] >>> [apiv2][(partial)header] GET https://serviceusage.googleapis.com/v1/projects/oracle-games-b6af6/services/firebaseio.com x-goog-quota-user=projects/oracle-games-b6af6
[debug] [2025-11-26T18:11:19.548Z] <<< [apiv2][status] POST https://www.googleapis.com/oauth2/v3/token 200
[debug] [2025-11-26T18:11:19.548Z] <<< [apiv2][body] POST https://www.googleapis.com/oauth2/v3/token [omitted]
[debug] [2025-11-26T18:11:19.564Z] >>> [apiv2][query] GET https://serviceusage.googleapis.com/v1/projects/oracle-games-b6af6/services/firebaseio.com [none]
[debug] [2025-11-26T18:11:19.564Z] >>> [apiv2][(partial)header] GET https://serviceusage.googleapis.com/v1/projects/oracle-games-b6af6/services/firebaseio.com x-goog-quota-user=projects/oracle-games-b6af6
[debug] [2025-11-26T18:11:19.565Z] <<< [apiv2][status] POST https://www.googleapis.com/oauth2/v3/token 200
[debug] [2025-11-26T18:11:19.565Z] <<< [apiv2][body] POST https://www.googleapis.com/oauth2/v3/token [omitted]
[debug] [2025-11-26T18:11:19.579Z] >>> [apiv2][query] GET https://serviceusage.googleapis.com/v1/projects/oracle-games-b6af6/services/firebasedataconnect.googleapis.com [none]
[debug] [2025-11-26T18:11:19.580Z] >>> [apiv2][(partial)header] GET https://serviceusage.googleapis.com/v1/projects/oracle-games-b6af6/services/firebasedataconnect.googleapis.com x-goog-quota-user=projects/oracle-games-b6af6
[debug] [2025-11-26T18:11:19.580Z] <<< [apiv2][status] POST https://www.googleapis.com/oauth2/v3/token 200
[debug] [2025-11-26T18:11:19.580Z] <<< [apiv2][body] POST https://www.googleapis.com/oauth2/v3/token [omitted]
[debug] [2025-11-26T18:11:19.594Z] >>> [apiv2][query] GET https://serviceusage.googleapis.com/v1/projects/oracle-games-b6af6/services/firebaseio.com [none]
[debug] [2025-11-26T18:11:19.595Z] >>> [apiv2][(partial)header] GET https://serviceusage.googleapis.com/v1/projects/oracle-games-b6af6/services/firebaseio.com x-goog-quota-user=projects/oracle-games-b6af6
[debug] [2025-11-26T18:11:19.584Z] <<< [apiv2][status] POST https://www.googleapis.com/oauth2/v3/token 200
[debug] [2025-11-26T18:11:19.584Z] <<< [apiv2][body] POST https://www.googleapis.com/oauth2/v3/token [omitted]
[debug] [2025-11-26T18:11:19.598Z] >>> [apiv2][query] GET https://serviceusage.googleapis.com/v1/projects/oracle-games-b6af6/services/firebaseio.com [none]
[debug] [2025-11-26T18:11:19.598Z] >>> [apiv2][(partial)header] GET https://serviceusage.googleapis.com/v1/projects/oracle-games-b6af6/services/firebaseio.com x-goog-quota-user=projects/oracle-games-b6af6
[debug] [2025-11-26T18:11:19.599Z] <<< [apiv2][status] POST https://www.googleapis.com/oauth2/v3/token 200
[debug] [2025-11-26T18:11:19.599Z] <<< [apiv2][body] POST https://www.googleapis.com/oauth2/v3/token [omitted]
[debug] [2025-11-26T18:11:19.612Z] >>> [apiv2][query] GET https://serviceusage.googleapis.com/v1/projects/oracle-games-b6af6/services/firebasedataconnect.googleapis.com [none]
[debug] [2025-11-26T18:11:19.612Z] >>> [apiv2][(partial)header] GET https://serviceusage.googleapis.com/v1/projects/oracle-games-b6af6/services/firebasedataconnect.googleapis.com x-goog-quota-user=projects/oracle-games-b6af6
[debug] [2025-11-26T18:11:19.596Z] <<< [apiv2][status] POST https://www.googleapis.com/oauth2/v3/token 200
[debug] [2025-11-26T18:11:19.596Z] <<< [apiv2][body] POST https://www.googleapis.com/oauth2/v3/token [omitted]
[debug] [2025-11-26T18:11:19.609Z] >>> [apiv2][query] GET https://serviceusage.googleapis.com/v1/projects/oracle-games-b6af6/services/firebaseapphosting.googleapis.com [none]
[debug] [2025-11-26T18:11:19.609Z] >>> [apiv2][(partial)header] GET https://serviceusage.googleapis.com/v1/projects/oracle-games-b6af6/services/firebaseapphosting.googleapis.com x-goog-quota-user=projects/oracle-games-b6af6
[debug] [2025-11-26T18:11:19.610Z] <<< [apiv2][status] POST https://www.googleapis.com/oauth2/v3/token 200
[debug] [2025-11-26T18:11:19.610Z] <<< [apiv2][body] POST https://www.googleapis.com/oauth2/v3/token [omitted]
[debug] [2025-11-26T18:11:19.623Z] >>> [apiv2][query] GET https://serviceusage.googleapis.com/v1/projects/oracle-games-b6af6/services/firebasedataconnect.googleapis.com [none]
[debug] [2025-11-26T18:11:19.623Z] >>> [apiv2][(partial)header] GET https://serviceusage.googleapis.com/v1/projects/oracle-games-b6af6/services/firebasedataconnect.googleapis.com x-goog-quota-user=projects/oracle-games-b6af6
[debug] [2025-11-26T18:11:19.624Z] <<< [apiv2][status] POST https://www.googleapis.com/oauth2/v3/token 200
[debug] [2025-11-26T18:11:19.624Z] <<< [apiv2][body] POST https://www.googleapis.com/oauth2/v3/token [omitted]
[debug] [2025-11-26T18:11:19.639Z] >>> [apiv2][query] GET https://serviceusage.googleapis.com/v1/projects/oracle-games-b6af6/services/firebaseapphosting.googleapis.com [none]
[debug] [2025-11-26T18:11:19.639Z] >>> [apiv2][(partial)header] GET https://serviceusage.googleapis.com/v1/projects/oracle-games-b6af6/services/firebaseapphosting.googleapis.com x-goog-quota-user=projects/oracle-games-b6af6
[debug] [2025-11-26T18:11:19.641Z] <<< [apiv2][status] POST https://www.googleapis.com/oauth2/v3/token 200
[debug] [2025-11-26T18:11:19.641Z] <<< [apiv2][body] POST https://www.googleapis.com/oauth2/v3/token [omitted]
[debug] [2025-11-26T18:11:19.654Z] >>> [apiv2][query] GET https://serviceusage.googleapis.com/v1/projects/oracle-games-b6af6/services/firebaseio.com [none]
[debug] [2025-11-26T18:11:19.655Z] >>> [apiv2][(partial)header] GET https://serviceusage.googleapis.com/v1/projects/oracle-games-b6af6/services/firebaseio.com x-goog-quota-user=projects/oracle-games-b6af6
[debug] [2025-11-26T18:11:19.613Z] <<< [apiv2][status] POST https://www.googleapis.com/oauth2/v3/token 200
[debug] [2025-11-26T18:11:19.613Z] <<< [apiv2][body] POST https://www.googleapis.com/oauth2/v3/token [omitted]
[debug] [2025-11-26T18:11:19.627Z] >>> [apiv2][query] GET https://serviceusage.googleapis.com/v1/projects/oracle-games-b6af6/services/firebasedataconnect.googleapis.com [none]
[debug] [2025-11-26T18:11:19.627Z] >>> [apiv2][(partial)header] GET https://serviceusage.googleapis.com/v1/projects/oracle-games-b6af6/services/firebasedataconnect.googleapis.com x-goog-quota-user=projects/oracle-games-b6af6
[debug] [2025-11-26T18:11:19.628Z] <<< [apiv2][status] POST https://www.googleapis.com/oauth2/v3/token 200
[debug] [2025-11-26T18:11:19.628Z] <<< [apiv2][body] POST https://www.googleapis.com/oauth2/v3/token [omitted]
[debug] [2025-11-26T18:11:19.643Z] >>> [apiv2][query] GET https://serviceusage.googleapis.com/v1/projects/oracle-games-b6af6/services/firebasedataconnect.googleapis.com [none]
[debug] [2025-11-26T18:11:19.643Z] >>> [apiv2][(partial)header] GET https://serviceusage.googleapis.com/v1/projects/oracle-games-b6af6/services/firebasedataconnect.googleapis.com x-goog-quota-user=projects/oracle-games-b6af6
[debug] [2025-11-26T18:11:19.644Z] <<< [apiv2][status] POST https://www.googleapis.com/oauth2/v3/token 200
[debug] [2025-11-26T18:11:19.644Z] <<< [apiv2][body] POST https://www.googleapis.com/oauth2/v3/token [omitted]
[debug] [2025-11-26T18:11:19.656Z] >>> [apiv2][query] GET https://serviceusage.googleapis.com/v1/projects/oracle-games-b6af6/services/firebaseapphosting.googleapis.com [none]
[debug] [2025-11-26T18:11:19.656Z] >>> [apiv2][(partial)header] GET https://serviceusage.googleapis.com/v1/projects/oracle-games-b6af6/services/firebaseapphosting.googleapis.com x-goog-quota-user=projects/oracle-games-b6af6
[debug] [2025-11-26T18:11:20.333Z] <<< [apiv2][status] GET https://serviceusage.googleapis.com/v1/projects/oracle-games-b6af6/services/firebaseio.com 403
[debug] [2025-11-26T18:11:20.333Z] <<< [apiv2][body] GET https://serviceusage.googleapis.com/v1/projects/oracle-games-b6af6/services/firebaseio.com [omitted]
[debug] [2025-11-26T18:11:20.482Z] <<< [apiv2][status] GET https://serviceusage.googleapis.com/v1/projects/oracle-games-b6af6/services/firebaseapphosting.googleapis.com 200
[debug] [2025-11-26T18:11:20.482Z] <<< [apiv2][body] GET https://serviceusage.googleapis.com/v1/projects/oracle-games-b6af6/services/firebaseapphosting.googleapis.com [omitted]
[debug] [2025-11-26T18:11:20.483Z] <<< [apiv2][status] GET https://serviceusage.googleapis.com/v1/projects/oracle-games-b6af6/services/firebasedataconnect.googleapis.com 200
[debug] [2025-11-26T18:11:20.483Z] <<< [apiv2][body] GET https://serviceusage.googleapis.com/v1/projects/oracle-games-b6af6/services/firebasedataconnect.googleapis.com [omitted]
[debug] [2025-11-26T18:11:20.826Z] <<< [apiv2][status] GET https://serviceusage.googleapis.com/v1/projects/oracle-games-b6af6/services/firebaseio.com 403
[debug] [2025-11-26T18:11:20.826Z] <<< [apiv2][body] GET https://serviceusage.googleapis.com/v1/projects/oracle-games-b6af6/services/firebaseio.com [omitted]
[debug] [2025-11-26T18:11:20.978Z] <<< [apiv2][status] GET https://serviceusage.googleapis.com/v1/projects/oracle-games-b6af6/services/firebaseio.com 403
[debug] [2025-11-26T18:11:20.978Z] <<< [apiv2][body] GET https://serviceusage.googleapis.com/v1/projects/oracle-games-b6af6/services/firebaseio.com [omitted]
[debug] [2025-11-26T18:11:20.979Z] <<< [apiv2][status] GET https://serviceusage.googleapis.com/v1/projects/oracle-games-b6af6/services/firebaseio.com 403
[debug] [2025-11-26T18:11:20.979Z] <<< [apiv2][body] GET https://serviceusage.googleapis.com/v1/projects/oracle-games-b6af6/services/firebaseio.com [omitted]
[debug] [2025-11-26T18:11:20.980Z] <<< [apiv2][status] GET https://serviceusage.googleapis.com/v1/projects/oracle-games-b6af6/services/firebaseio.com 403
[debug] [2025-11-26T18:11:20.980Z] <<< [apiv2][body] GET https://serviceusage.googleapis.com/v1/projects/oracle-games-b6af6/services/firebaseio.com [omitted]
[debug] [2025-11-26T18:11:20.981Z] <<< [apiv2][status] GET https://serviceusage.googleapis.com/v1/projects/oracle-games-b6af6/services/firebaseapphosting.googleapis.com 200
[debug] [2025-11-26T18:11:20.981Z] <<< [apiv2][body] GET https://serviceusage.googleapis.com/v1/projects/oracle-games-b6af6/services/firebaseapphosting.googleapis.com [omitted]
[debug] [2025-11-26T18:11:20.985Z] <<< [apiv2][status] GET https://serviceusage.googleapis.com/v1/projects/oracle-games-b6af6/services/firebasedataconnect.googleapis.com 200
[debug] [2025-11-26T18:11:20.985Z] <<< [apiv2][body] GET https://serviceusage.googleapis.com/v1/projects/oracle-games-b6af6/services/firebasedataconnect.googleapis.com [omitted]
[debug] [2025-11-26T18:11:20.986Z] Object "/extensions" in "firebase.json" has unknown property: {"additionalProperty":"mailersend-email"}
[debug] [2025-11-26T18:11:21.020Z] Object "/extensions" in "firebase.json" has unknown property: {"additionalProperty":"mailersend-email"}
[debug] [2025-11-26T18:11:21.020Z] Object "/extensions" in "firebase.json" has unknown property: {"additionalProperty":"mailersend-email"}
[debug] [2025-11-26T18:11:21.021Z] > command requires scopes: ["email","openid","https://www.googleapis.com/auth/cloudplatformprojects.readonly","https://www.googleapis.com/auth/firebase","https://www.googleapis.com/auth/cloud-platform"]
[debug] [2025-11-26T18:11:21.021Z] > authorizing via signed-in user (jasper.huting@gmail.com)
[debug] [2025-11-26T18:11:21.021Z] Object "/extensions" in "firebase.json" has unknown property: {"additionalProperty":"mailersend-email"}
[debug] [2025-11-26T18:11:21.021Z] Object "/extensions" in "firebase.json" has unknown property: {"additionalProperty":"mailersend-email"}
[debug] [2025-11-26T18:11:21.021Z] > command requires scopes: ["email","openid","https://www.googleapis.com/auth/cloudplatformprojects.readonly","https://www.googleapis.com/auth/firebase","https://www.googleapis.com/auth/cloud-platform"]
[debug] [2025-11-26T18:11:21.021Z] > authorizing via signed-in user (jasper.huting@gmail.com)
[debug] [2025-11-26T18:11:21.103Z] <<< [apiv2][status] GET https://serviceusage.googleapis.com/v1/projects/oracle-games-b6af6/services/firebaseio.com 403
[debug] [2025-11-26T18:11:21.103Z] <<< [apiv2][body] GET https://serviceusage.googleapis.com/v1/projects/oracle-games-b6af6/services/firebaseio.com [omitted]
[debug] [2025-11-26T18:11:21.104Z] Object "/extensions" in "firebase.json" has unknown property: {"additionalProperty":"mailersend-email"}
[debug] [2025-11-26T18:11:21.136Z] Object "/extensions" in "firebase.json" has unknown property: {"additionalProperty":"mailersend-email"}
[debug] [2025-11-26T18:11:21.136Z] Object "/extensions" in "firebase.json" has unknown property: {"additionalProperty":"mailersend-email"}
[debug] [2025-11-26T18:11:21.137Z] > command requires scopes: ["email","openid","https://www.googleapis.com/auth/cloudplatformprojects.readonly","https://www.googleapis.com/auth/firebase","https://www.googleapis.com/auth/cloud-platform"]
[debug] [2025-11-26T18:11:21.137Z] > authorizing via signed-in user (jasper.huting@gmail.com)
[debug] [2025-11-26T18:11:21.137Z] Object "/extensions" in "firebase.json" has unknown property: {"additionalProperty":"mailersend-email"}
[debug] [2025-11-26T18:11:21.137Z] Object "/extensions" in "firebase.json" has unknown property: {"additionalProperty":"mailersend-email"}
[debug] [2025-11-26T18:11:21.138Z] > command requires scopes: ["email","openid","https://www.googleapis.com/auth/cloudplatformprojects.readonly","https://www.googleapis.com/auth/firebase","https://www.googleapis.com/auth/cloud-platform"]
[debug] [2025-11-26T18:11:21.138Z] > authorizing via signed-in user (jasper.huting@gmail.com)
[debug] [2025-11-26T18:11:21.261Z] <<< [apiv2][status] GET https://serviceusage.googleapis.com/v1/projects/oracle-games-b6af6/services/firebaseapphosting.googleapis.com 200
[debug] [2025-11-26T18:11:21.261Z] <<< [apiv2][body] GET https://serviceusage.googleapis.com/v1/projects/oracle-games-b6af6/services/firebaseapphosting.googleapis.com [omitted]
[debug] [2025-11-26T18:11:21.264Z] <<< [apiv2][status] GET https://serviceusage.googleapis.com/v1/projects/oracle-games-b6af6/services/firebasedataconnect.googleapis.com 200
[debug] [2025-11-26T18:11:21.264Z] <<< [apiv2][body] GET https://serviceusage.googleapis.com/v1/projects/oracle-games-b6af6/services/firebasedataconnect.googleapis.com [omitted]
[debug] [2025-11-26T18:11:21.265Z] <<< [apiv2][status] GET https://serviceusage.googleapis.com/v1/projects/oracle-games-b6af6/services/firebaseapphosting.googleapis.com 200
[debug] [2025-11-26T18:11:21.265Z] <<< [apiv2][body] GET https://serviceusage.googleapis.com/v1/projects/oracle-games-b6af6/services/firebaseapphosting.googleapis.com [omitted]
[debug] [2025-11-26T18:11:21.266Z] <<< [apiv2][status] GET https://serviceusage.googleapis.com/v1/projects/oracle-games-b6af6/services/firebasedataconnect.googleapis.com 200
[debug] [2025-11-26T18:11:21.266Z] <<< [apiv2][body] GET https://serviceusage.googleapis.com/v1/projects/oracle-games-b6af6/services/firebasedataconnect.googleapis.com [omitted]
[debug] [2025-11-26T18:11:21.266Z] Object "/extensions" in "firebase.json" has unknown property: {"additionalProperty":"mailersend-email"}
[debug] [2025-11-26T18:11:21.267Z] <<< [apiv2][status] GET https://serviceusage.googleapis.com/v1/projects/oracle-games-b6af6/services/firebasedataconnect.googleapis.com 200
[debug] [2025-11-26T18:11:21.267Z] <<< [apiv2][body] GET https://serviceusage.googleapis.com/v1/projects/oracle-games-b6af6/services/firebasedataconnect.googleapis.com [omitted]
[debug] [2025-11-26T18:11:21.272Z] <<< [apiv2][status] GET https://serviceusage.googleapis.com/v1/projects/oracle-games-b6af6/services/firebasedataconnect.googleapis.com 200
[debug] [2025-11-26T18:11:21.272Z] <<< [apiv2][body] GET https://serviceusage.googleapis.com/v1/projects/oracle-games-b6af6/services/firebasedataconnect.googleapis.com [omitted]
[debug] [2025-11-26T18:11:21.277Z] <<< [apiv2][status] GET https://serviceusage.googleapis.com/v1/projects/oracle-games-b6af6/services/firebaseapphosting.googleapis.com 200
[debug] [2025-11-26T18:11:21.278Z] <<< [apiv2][body] GET https://serviceusage.googleapis.com/v1/projects/oracle-games-b6af6/services/firebaseapphosting.googleapis.com [omitted]
[debug] [2025-11-26T18:11:21.278Z] Object "/extensions" in "firebase.json" has unknown property: {"additionalProperty":"mailersend-email"}
[debug] [2025-11-26T18:11:21.283Z] <<< [apiv2][status] GET https://serviceusage.googleapis.com/v1/projects/oracle-games-b6af6/services/firebaseapphosting.googleapis.com 200
[debug] [2025-11-26T18:11:21.283Z] <<< [apiv2][body] GET https://serviceusage.googleapis.com/v1/projects/oracle-games-b6af6/services/firebaseapphosting.googleapis.com [omitted]
[debug] [2025-11-26T18:11:21.297Z] Object "/extensions" in "firebase.json" has unknown property: {"additionalProperty":"mailersend-email"}
[debug] [2025-11-26T18:11:21.297Z] Object "/extensions" in "firebase.json" has unknown property: {"additionalProperty":"mailersend-email"}
[debug] [2025-11-26T18:11:21.297Z] > command requires scopes: ["email","openid","https://www.googleapis.com/auth/cloudplatformprojects.readonly","https://www.googleapis.com/auth/firebase","https://www.googleapis.com/auth/cloud-platform"]
[debug] [2025-11-26T18:11:21.297Z] > authorizing via signed-in user (jasper.huting@gmail.com)
[debug] [2025-11-26T18:11:21.298Z] Object "/extensions" in "firebase.json" has unknown property: {"additionalProperty":"mailersend-email"}
[debug] [2025-11-26T18:11:21.298Z] Object "/extensions" in "firebase.json" has unknown property: {"additionalProperty":"mailersend-email"}
[debug] [2025-11-26T18:11:21.298Z] > command requires scopes: ["email","openid","https://www.googleapis.com/auth/cloudplatformprojects.readonly","https://www.googleapis.com/auth/firebase","https://www.googleapis.com/auth/cloud-platform"]
[debug] [2025-11-26T18:11:21.298Z] > authorizing via signed-in user (jasper.huting@gmail.com)
[debug] [2025-11-26T18:11:21.308Z] Object "/extensions" in "firebase.json" has unknown property: {"additionalProperty":"mailersend-email"}
[debug] [2025-11-26T18:11:21.308Z] Object "/extensions" in "firebase.json" has unknown property: {"additionalProperty":"mailersend-email"}
[debug] [2025-11-26T18:11:21.308Z] > command requires scopes: ["email","openid","https://www.googleapis.com/auth/cloudplatformprojects.readonly","https://www.googleapis.com/auth/firebase","https://www.googleapis.com/auth/cloud-platform"]
[debug] [2025-11-26T18:11:21.308Z] > authorizing via signed-in user (jasper.huting@gmail.com)
[debug] [2025-11-26T18:11:21.308Z] Object "/extensions" in "firebase.json" has unknown property: {"additionalProperty":"mailersend-email"}
[debug] [2025-11-26T18:11:21.309Z] Object "/extensions" in "firebase.json" has unknown property: {"additionalProperty":"mailersend-email"}
[debug] [2025-11-26T18:11:21.309Z] > command requires scopes: ["email","openid","https://www.googleapis.com/auth/cloudplatformprojects.readonly","https://www.googleapis.com/auth/firebase","https://www.googleapis.com/auth/cloud-platform"]
[debug] [2025-11-26T18:11:21.309Z] > authorizing via signed-in user (jasper.huting@gmail.com)
