[     295ms] [INFO] %cDownload the React DevTools for a better development experience: https://react.dev/link/react-devtools font-weight:bold @ http://localhost:3210/_next/static/chunks/node_modules_next_dist_115brz8._.js:2431
[     390ms] [LOG] [HMR] connected @ http://localhost:3210/_next/static/chunks/node_modules_next_dist_115brz8._.js:2431
[     426ms] [LOG] 📡 Using production Firebase @ http://localhost:3210/_next/static/chunks/node_modules_next_dist_115brz8._.js:2431
[     475ms] [LOG] %c[Vercel Speed Insights]%c Debug mode is enabled by default in development. No requests will be sent to the server. color: rgb(120, 120, 120) color: inherit @ http://localhost:3210/_next/static/chunks/node_modules_next_dist_115brz8._.js:2431
[     492ms] [ERROR] Failed to load resource: the server responded with a status of 401 (Unauthorized) @ http://localhost:3210/api/auth/session/restore:0
[     501ms] [LOG] [Fast Refresh] rebuilding @ http://localhost:3210/_next/static/chunks/node_modules_next_dist_115brz8._.js:2431
[     590ms] [LOG] [PlayerTeamsContext] Fetching fresh player teams data for 2026-04-12 @ http://localhost:3210/_next/static/chunks/node_modules_next_dist_115brz8._.js:2431
[     590ms] [LOG] [RankingsContext] Fetching fresh rankings data for 2026-04-12 @ http://localhost:3210/_next/static/chunks/node_modules_next_dist_115brz8._.js:2431
[     591ms] [LOG] [PlayerTeamsContext] Fetching fresh player teams data for 2026-04-12 @ http://localhost:3210/_next/static/chunks/node_modules_next_dist_115brz8._.js:2431
[     591ms] [LOG] [RankingsContext] Fetching fresh rankings data for 2026-04-12 @ http://localhost:3210/_next/static/chunks/node_modules_next_dist_115brz8._.js:2431
[     945ms] [LOG] [Fast Refresh] done in 544ms @ http://localhost:3210/_next/static/chunks/node_modules_next_dist_115brz8._.js:2431
[    1304ms] [VERBOSE] [DOM] Input elements should have autocomplete attributes (suggested: "current-password"): (More info: https://goo.gl/9p2vKq) %o @ http://localhost:3210/login:0
[    1322ms] [LOG] [Fast Refresh] rebuilding @ http://localhost:3210/_next/static/chunks/node_modules_next_dist_115brz8._.js:2431
[    1438ms] [LOG] [Fast Refresh] done in 216ms @ http://localhost:3210/_next/static/chunks/node_modules_next_dist_115brz8._.js:2431
[    1892ms] [LOG] [RankingsContext] Fetched 2602 riders from API @ http://localhost:3210/_next/static/chunks/node_modules_next_dist_115brz8._.js:2431
[    1906ms] [LOG] Successfully cached rankings_2026_2026-04-12 to IndexedDB (2.89MB) @ http://localhost:3210/_next/static/chunks/node_modules_next_dist_115brz8._.js:2431
[    1909ms] [LOG] [RankingsContext] Fetched 2602 riders from API @ http://localhost:3210/_next/static/chunks/node_modules_next_dist_115brz8._.js:2431
[    1932ms] [LOG] [Fast Refresh] rebuilding @ http://localhost:3210/_next/static/chunks/node_modules_next_dist_115brz8._.js:2431
[    1948ms] [LOG] Successfully cached rankings_2026_2026-04-12 to IndexedDB (2.89MB) @ http://localhost:3210/_next/static/chunks/node_modules_next_dist_115brz8._.js:2431
[    1993ms] [LOG] [Fast Refresh] done in 162ms @ http://localhost:3210/_next/static/chunks/node_modules_next_dist_115brz8._.js:2431
[    5636ms] [LOG] [PlayerTeamsContext] Fetched 4755 riders from API, 537 unique riders @ http://localhost:3210/_next/static/chunks/node_modules_next_dist_115brz8._.js:2431
[    5666ms] [LOG] Successfully cached playerTeams_2026-04-12 to IndexedDB (10.74MB) @ http://localhost:3210/_next/static/chunks/node_modules_next_dist_115brz8._.js:2431
[    7283ms] [LOG] [PlayerTeamsContext] Fetched 4755 riders from API, 537 unique riders @ http://localhost:3210/_next/static/chunks/node_modules_next_dist_115brz8._.js:2431
[    7312ms] [LOG] Successfully cached playerTeams_2026-04-12 to IndexedDB (10.74MB) @ http://localhost:3210/_next/static/chunks/node_modules_next_dist_115brz8._.js:2431
