[     862ms] [INFO] %cDownload the React DevTools for a better development experience: https://react.dev/link/react-devtools font-weight:bold @ http://localhost:3210/_next/static/chunks/node_modules_next_dist_115brz8._.js:2431
[     921ms] [LOG] [HMR] connected @ http://localhost:3210/_next/static/chunks/node_modules_next_dist_115brz8._.js:2431
[     994ms] [LOG] 📡 Using production Firebase @ http://localhost:3210/_next/static/chunks/node_modules_next_dist_115brz8._.js:2431
[    1036ms] [LOG] %c[Vercel Speed Insights]%c Debug mode is enabled by default in development. No requests will be sent to the server. color: rgb(120, 120, 120) color: inherit @ http://localhost:3210/_next/static/chunks/node_modules_next_dist_115brz8._.js:2431
[    1061ms] [ERROR] Failed to load resource: the server responded with a status of 401 (Unauthorized) @ http://localhost:3210/api/auth/session/restore:0
[    1130ms] [LOG] [Fast Refresh] rebuilding @ http://localhost:3210/_next/static/chunks/node_modules_next_dist_115brz8._.js:2431
[    1141ms] [LOG] [PlayerTeamsContext] Fetching fresh player teams data for 2026-04-13 @ http://localhost:3210/_next/static/chunks/node_modules_next_dist_115brz8._.js:2431
[    1141ms] [LOG] [RankingsContext] Fetching fresh rankings data for 2026-04-13 @ http://localhost:3210/_next/static/chunks/node_modules_next_dist_115brz8._.js:2431
[    1142ms] [LOG] [PlayerTeamsContext] Fetching fresh player teams data for 2026-04-13 @ http://localhost:3210/_next/static/chunks/node_modules_next_dist_115brz8._.js:2431
[    1142ms] [LOG] [RankingsContext] Fetching fresh rankings data for 2026-04-13 @ http://localhost:3210/_next/static/chunks/node_modules_next_dist_115brz8._.js:2431
[    1395ms] [LOG] [Fast Refresh] done in 367ms @ http://localhost:3210/_next/static/chunks/node_modules_next_dist_115brz8._.js:2431
[    1526ms] [LOG] [RankingsContext] Fetched 2602 riders from API @ http://localhost:3210/_next/static/chunks/node_modules_next_dist_115brz8._.js:2431
[    1538ms] [LOG] Successfully cached rankings_2026_2026-04-13 to IndexedDB (2.89MB) @ http://localhost:3210/_next/static/chunks/node_modules_next_dist_115brz8._.js:2431
[    1566ms] [LOG] [RankingsContext] Fetched 2602 riders from API @ http://localhost:3210/_next/static/chunks/node_modules_next_dist_115brz8._.js:2431
[    1582ms] [VERBOSE] [DOM] Input elements should have autocomplete attributes (suggested: "current-password"): (More info: https://goo.gl/9p2vKq) %o @ http://localhost:3210/login:0
[    1589ms] [LOG] Successfully cached rankings_2026_2026-04-13 to IndexedDB (2.89MB) @ http://localhost:3210/_next/static/chunks/node_modules_next_dist_115brz8._.js:2431
[    4886ms] [LOG] [PlayerTeamsContext] Fetched 4755 riders from API, 537 unique riders @ http://localhost:3210/_next/static/chunks/node_modules_next_dist_115brz8._.js:2431
[    4917ms] [LOG] Successfully cached playerTeams_2026-04-13 to IndexedDB (10.97MB) @ http://localhost:3210/_next/static/chunks/node_modules_next_dist_115brz8._.js:2431
[    6098ms] [LOG] [PlayerTeamsContext] Fetched 4755 riders from API, 537 unique riders @ http://localhost:3210/_next/static/chunks/node_modules_next_dist_115brz8._.js:2431
[    6128ms] [LOG] Successfully cached playerTeams_2026-04-13 to IndexedDB (10.97MB) @ http://localhost:3210/_next/static/chunks/node_modules_next_dist_115brz8._.js:2431
[    6319ms] [LOG] [Fast Refresh] rebuilding @ http://localhost:3210/_next/static/chunks/node_modules_next_dist_115brz8._.js:2431
[    6386ms] [LOG] [Fast Refresh] done in 168ms @ http://localhost:3210/_next/static/chunks/node_modules_next_dist_115brz8._.js:2431
[   13700ms] [LOG] Firebase persistence set to: LOCAL (stays logged in) @ http://localhost:3210/_next/static/chunks/node_modules_next_dist_115brz8._.js:2431
[   13799ms] [LOG] [Fast Refresh] rebuilding @ http://localhost:3210/_next/static/chunks/node_modules_next_dist_115brz8._.js:2431
[   13859ms] [LOG] [Fast Refresh] done in 160ms @ http://localhost:3210/_next/static/chunks/node_modules_next_dist_115brz8._.js:2431
[   14398ms] [ERROR] Failed to load resource: the server responded with a status of 400 () @ https://identitytoolkit.googleapis.com/v1/accounts:signInWithPassword?key=AIzaSyBe20pkrkYrUVwhjvYQS6ugNHqxzhpV1Ds:0
[   14401ms] [ERROR] Login error: FirebaseError: Firebase: Error (auth/invalid-credential).
    at createErrorInternal (http://localhost:3210/_next/static/chunks/0pje_%40firebase_auth_dist_esm_13h8vdb._.js:646:41)
    at _fail (http://localhost:3210/_next/static/chunks/0pje_%40firebase_auth_dist_esm_13h8vdb._.js:610:11)
    at _performFetchWithErrorHandling (http://localhost:3210/_next/static/chunks/0pje_%40firebase_auth_dist_esm_13h8vdb._.js:1076:17)
    at async _performSignInRequest (http://localhost:3210/_next/static/chunks/0pje_%40firebase_auth_dist_esm_13h8vdb._.js:1092:28)
    at async _signInWithCredential (http://localhost:3210/_next/static/chunks/0pje_%40firebase_auth_dist_esm_13h8vdb._.js:5575:22)
    at async onSubmit (http://localhost:3210/_next/static/chunks/_0sc-ge7._.js:123:36)
    at async http://localhost:3210/_next/static/chunks/_0sc-ge7._.js:2833:21 @ http://localhost:3210/_next/static/chunks/node_modules_next_dist_115brz8._.js:3272
[   16050ms] [LOG] Firebase persistence set to: LOCAL (stays logged in) @ http://localhost:3210/_next/static/chunks/node_modules_next_dist_115brz8._.js:2431
[   16670ms] [LOG] User logged in successfully @ http://localhost:3210/_next/static/chunks/node_modules_next_dist_115brz8._.js:2431
[   16806ms] [ERROR] Failed to load resource: the server responded with a status of 401 (Unauthorized) @ http://localhost:3210/api/messages/unread-summary?userId=susJrdCk7KPOGdxM5JI9WfThW1o2:0
[   16806ms] [ERROR] Error fetching unread summary: Error: Failed to fetch unread summary
    at http://localhost:3210/_next/static/chunks/_0~v.phv._.js:685:23 @ http://localhost:3210/_next/static/chunks/node_modules_next_dist_115brz8._.js:3272
[   16837ms] [LOG] [PlayerTeamsContext] Using cached player teams data (4755 riders, 2026-04-13) @ http://localhost:3210/_next/static/chunks/node_modules_next_dist_115brz8._.js:2431
[   16843ms] [LOG] [RankingsContext] Using cached rankings data (2602 riders, 2026-04-13) @ http://localhost:3210/_next/static/chunks/node_modules_next_dist_115brz8._.js:2431
[   16937ms] [WARNING] Missing translation for key: forum.activityTitle in language: en @ http://localhost:3210/_next/static/chunks/node_modules_next_dist_115brz8._.js:2431
[   16938ms] [WARNING] Missing key: forum.activityTitle, falling back to key as value @ http://localhost:3210/_next/static/chunks/node_modules_next_dist_115brz8._.js:2431
[   16938ms] [WARNING] Missing translation for key: forum.viewForum in language: en @ http://localhost:3210/_next/static/chunks/node_modules_next_dist_115brz8._.js:2431
[   16938ms] [WARNING] Missing key: forum.viewForum, falling back to key as value @ http://localhost:3210/_next/static/chunks/node_modules_next_dist_115brz8._.js:2431
[   16938ms] [WARNING] Missing translation for key: forum.noRecentActivity in language: en @ http://localhost:3210/_next/static/chunks/node_modules_next_dist_115brz8._.js:2431
[   16938ms] [WARNING] Missing key: forum.noRecentActivity, falling back to key as value @ http://localhost:3210/_next/static/chunks/node_modules_next_dist_115brz8._.js:2431
[   16938ms] [WARNING] Missing translation for key: forum.activityTitle in language: en @ http://localhost:3210/_next/static/chunks/node_modules_next_dist_115brz8._.js:2431
[   16938ms] [WARNING] Missing key: forum.activityTitle, falling back to key as value @ http://localhost:3210/_next/static/chunks/node_modules_next_dist_115brz8._.js:2431
[   16938ms] [WARNING] Missing translation for key: forum.viewForum in language: en @ http://localhost:3210/_next/static/chunks/node_modules_next_dist_115brz8._.js:2431
[   16939ms] [WARNING] Missing key: forum.viewForum, falling back to key as value @ http://localhost:3210/_next/static/chunks/node_modules_next_dist_115brz8._.js:2431
[   16939ms] [WARNING] Missing translation for key: forum.noRecentActivity in language: en @ http://localhost:3210/_next/static/chunks/node_modules_next_dist_115brz8._.js:2431
[   16939ms] [WARNING] Missing key: forum.noRecentActivity, falling back to key as value @ http://localhost:3210/_next/static/chunks/node_modules_next_dist_115brz8._.js:2431
[   16945ms] [WARNING] Missing translation for key: activeGames.title in language: en @ http://localhost:3210/_next/static/chunks/node_modules_next_dist_115brz8._.js:2431
[   16946ms] [WARNING] Missing key: activeGames.title, falling back to key as value @ http://localhost:3210/_next/static/chunks/node_modules_next_dist_115brz8._.js:2431
[   16946ms] [WARNING] Missing translation for key: activeGames.title in language: en @ http://localhost:3210/_next/static/chunks/node_modules_next_dist_115brz8._.js:2431
[   16946ms] [WARNING] Missing key: activeGames.title, falling back to key as value @ http://localhost:3210/_next/static/chunks/node_modules_next_dist_115brz8._.js:2431
[   16966ms] [WARNING] Missing translation for key: forum.activityTitle in language: en @ http://localhost:3210/_next/static/chunks/node_modules_next_dist_115brz8._.js:2431
[   16966ms] [WARNING] Missing key: forum.activityTitle, falling back to key as value @ http://localhost:3210/_next/static/chunks/node_modules_next_dist_115brz8._.js:2431
[   16966ms] [WARNING] Missing translation for key: forum.viewForum in language: en @ http://localhost:3210/_next/static/chunks/node_modules_next_dist_115brz8._.js:2431
[   16966ms] [WARNING] Missing key: forum.viewForum, falling back to key as value @ http://localhost:3210/_next/static/chunks/node_modules_next_dist_115brz8._.js:2431
[   16966ms] [WARNING] Missing translation for key: forum.activityTitle in language: en @ http://localhost:3210/_next/static/chunks/node_modules_next_dist_115brz8._.js:2431
[   16966ms] [WARNING] Missing key: forum.activityTitle, falling back to key as value @ http://localhost:3210/_next/static/chunks/node_modules_next_dist_115brz8._.js:2431
[   16966ms] [WARNING] Missing translation for key: forum.viewForum in language: en @ http://localhost:3210/_next/static/chunks/node_modules_next_dist_115brz8._.js:2431
[   16967ms] [WARNING] Missing key: forum.viewForum, falling back to key as value @ http://localhost:3210/_next/static/chunks/node_modules_next_dist_115brz8._.js:2431
[   17064ms] [WARNING] Missing translation for key: forum.activityTitle in language: en @ http://localhost:3210/_next/static/chunks/node_modules_next_dist_115brz8._.js:2431
[   17064ms] [WARNING] Missing key: forum.activityTitle, falling back to key as value @ http://localhost:3210/_next/static/chunks/node_modules_next_dist_115brz8._.js:2431
[   17064ms] [WARNING] Missing translation for key: forum.viewForum in language: en @ http://localhost:3210/_next/static/chunks/node_modules_next_dist_115brz8._.js:2431
[   17065ms] [WARNING] Missing key: forum.viewForum, falling back to key as value @ http://localhost:3210/_next/static/chunks/node_modules_next_dist_115brz8._.js:2431
[   17065ms] [WARNING] Missing translation for key: forum.activityTitle in language: en @ http://localhost:3210/_next/static/chunks/node_modules_next_dist_115brz8._.js:2431
[   17065ms] [WARNING] Missing key: forum.activityTitle, falling back to key as value @ http://localhost:3210/_next/static/chunks/node_modules_next_dist_115brz8._.js:2431
[   17065ms] [WARNING] Missing translation for key: forum.viewForum in language: en @ http://localhost:3210/_next/static/chunks/node_modules_next_dist_115brz8._.js:2431
[   17065ms] [WARNING] Missing key: forum.viewForum, falling back to key as value @ http://localhost:3210/_next/static/chunks/node_modules_next_dist_115brz8._.js:2431
[   17068ms] [WARNING] Missing translation for key: activeGames.title in language: en @ http://localhost:3210/_next/static/chunks/node_modules_next_dist_115brz8._.js:2431
[   17068ms] [WARNING] Missing key: activeGames.title, falling back to key as value @ http://localhost:3210/_next/static/chunks/node_modules_next_dist_115brz8._.js:2431
[   17069ms] [WARNING] Missing translation for key: activeGames.title in language: en @ http://localhost:3210/_next/static/chunks/node_modules_next_dist_115brz8._.js:2431
[   17069ms] [WARNING] Missing key: activeGames.title, falling back to key as value @ http://localhost:3210/_next/static/chunks/node_modules_next_dist_115brz8._.js:2431
[   17071ms] [ERROR] Failed to load resource: the server responded with a status of 401 (Unauthorized) @ http://localhost:3210/api/forum/activity-summary:0
[   17072ms] [WARNING] Missing translation for key: forum.activityTitle in language: en @ http://localhost:3210/_next/static/chunks/node_modules_next_dist_115brz8._.js:2431
[   17072ms] [WARNING] Missing key: forum.activityTitle, falling back to key as value @ http://localhost:3210/_next/static/chunks/node_modules_next_dist_115brz8._.js:2431
[   17073ms] [WARNING] Missing translation for key: forum.viewForum in language: en @ http://localhost:3210/_next/static/chunks/node_modules_next_dist_115brz8._.js:2431
[   17073ms] [WARNING] Missing key: forum.viewForum, falling back to key as value @ http://localhost:3210/_next/static/chunks/node_modules_next_dist_115brz8._.js:2431
[   17073ms] [WARNING] Missing translation for key: forum.noRecentActivity in language: en @ http://localhost:3210/_next/static/chunks/node_modules_next_dist_115brz8._.js:2431
[   17073ms] [WARNING] Missing key: forum.noRecentActivity, falling back to key as value @ http://localhost:3210/_next/static/chunks/node_modules_next_dist_115brz8._.js:2431
[   17073ms] [WARNING] Missing translation for key: forum.activityTitle in language: en @ http://localhost:3210/_next/static/chunks/node_modules_next_dist_115brz8._.js:2431
[   17073ms] [WARNING] Missing key: forum.activityTitle, falling back to key as value @ http://localhost:3210/_next/static/chunks/node_modules_next_dist_115brz8._.js:2431
[   17073ms] [WARNING] Missing translation for key: forum.viewForum in language: en @ http://localhost:3210/_next/static/chunks/node_modules_next_dist_115brz8._.js:2431
[   17073ms] [WARNING] Missing key: forum.viewForum, falling back to key as value @ http://localhost:3210/_next/static/chunks/node_modules_next_dist_115brz8._.js:2431
[   17073ms] [WARNING] Missing translation for key: forum.noRecentActivity in language: en @ http://localhost:3210/_next/static/chunks/node_modules_next_dist_115brz8._.js:2431
[   17074ms] [WARNING] Missing key: forum.noRecentActivity, falling back to key as value @ http://localhost:3210/_next/static/chunks/node_modules_next_dist_115brz8._.js:2431
[   17176ms] [ERROR] Failed to load resource: the server responded with a status of 401 (Unauthorized) @ http://localhost:3210/api/account/games-summary:0
[   17177ms] [WARNING] Missing translation for key: activeGames.title in language: en @ http://localhost:3210/_next/static/chunks/node_modules_next_dist_115brz8._.js:2431
[   17177ms] [WARNING] Missing key: activeGames.title, falling back to key as value @ http://localhost:3210/_next/static/chunks/node_modules_next_dist_115brz8._.js:2431
[   17177ms] [WARNING] Missing translation for key: activeGames.noGames in language: en @ http://localhost:3210/_next/static/chunks/node_modules_next_dist_115brz8._.js:2431
[   17177ms] [WARNING] Missing key: activeGames.noGames, falling back to key as value @ http://localhost:3210/_next/static/chunks/node_modules_next_dist_115brz8._.js:2431
[   17177ms] [WARNING] Missing translation for key: activeGames.title in language: en @ http://localhost:3210/_next/static/chunks/node_modules_next_dist_115brz8._.js:2431
[   17177ms] [WARNING] Missing key: activeGames.title, falling back to key as value @ http://localhost:3210/_next/static/chunks/node_modules_next_dist_115brz8._.js:2431
[   17177ms] [WARNING] Missing translation for key: activeGames.noGames in language: en @ http://localhost:3210/_next/static/chunks/node_modules_next_dist_115brz8._.js:2431
[   17177ms] [WARNING] Missing key: activeGames.noGames, falling back to key as value @ http://localhost:3210/_next/static/chunks/node_modules_next_dist_115brz8._.js:2431
[   17227ms] [ERROR] Failed to load resource: the server responded with a status of 401 (Unauthorized) @ http://localhost:3210/api/forum/activity-summary:0
[   17227ms] [WARNING] Missing translation for key: forum.activityTitle in language: en @ http://localhost:3210/_next/static/chunks/node_modules_next_dist_115brz8._.js:2431
[   17228ms] [WARNING] Missing key: forum.activityTitle, falling back to key as value @ http://localhost:3210/_next/static/chunks/node_modules_next_dist_115brz8._.js:2431
[   17228ms] [WARNING] Missing translation for key: forum.viewForum in language: en @ http://localhost:3210/_next/static/chunks/node_modules_next_dist_115brz8._.js:2431
[   17228ms] [WARNING] Missing key: forum.viewForum, falling back to key as value @ http://localhost:3210/_next/static/chunks/node_modules_next_dist_115brz8._.js:2431
[   17228ms] [WARNING] Missing translation for key: forum.noRecentActivity in language: en @ http://localhost:3210/_next/static/chunks/node_modules_next_dist_115brz8._.js:2431
[   17228ms] [WARNING] Missing key: forum.noRecentActivity, falling back to key as value @ http://localhost:3210/_next/static/chunks/node_modules_next_dist_115brz8._.js:2431
[   17228ms] [WARNING] Missing translation for key: forum.activityTitle in language: en @ http://localhost:3210/_next/static/chunks/node_modules_next_dist_115brz8._.js:2431
[   17228ms] [WARNING] Missing key: forum.activityTitle, falling back to key as value @ http://localhost:3210/_next/static/chunks/node_modules_next_dist_115brz8._.js:2431
[   17228ms] [WARNING] Missing translation for key: forum.viewForum in language: en @ http://localhost:3210/_next/static/chunks/node_modules_next_dist_115brz8._.js:2431
[   17228ms] [WARNING] Missing key: forum.viewForum, falling back to key as value @ http://localhost:3210/_next/static/chunks/node_modules_next_dist_115brz8._.js:2431
[   17229ms] [WARNING] Missing translation for key: forum.noRecentActivity in language: en @ http://localhost:3210/_next/static/chunks/node_modules_next_dist_115brz8._.js:2431
[   17229ms] [WARNING] Missing key: forum.noRecentActivity, falling back to key as value @ http://localhost:3210/_next/static/chunks/node_modules_next_dist_115brz8._.js:2431
[   17266ms] [ERROR] Failed to load resource: the server responded with a status of 401 (Unauthorized) @ http://localhost:3210/api/account/games-summary:0
[   17267ms] [WARNING] Missing translation for key: activeGames.title in language: en @ http://localhost:3210/_next/static/chunks/node_modules_next_dist_115brz8._.js:2431
[   17267ms] [WARNING] Missing key: activeGames.title, falling back to key as value @ http://localhost:3210/_next/static/chunks/node_modules_next_dist_115brz8._.js:2431
[   17267ms] [WARNING] Missing translation for key: activeGames.noGames in language: en @ http://localhost:3210/_next/static/chunks/node_modules_next_dist_115brz8._.js:2431
[   17267ms] [WARNING] Missing key: activeGames.noGames, falling back to key as value @ http://localhost:3210/_next/static/chunks/node_modules_next_dist_115brz8._.js:2431
[   17267ms] [WARNING] Missing translation for key: activeGames.title in language: en @ http://localhost:3210/_next/static/chunks/node_modules_next_dist_115brz8._.js:2431
[   17268ms] [WARNING] Missing key: activeGames.title, falling back to key as value @ http://localhost:3210/_next/static/chunks/node_modules_next_dist_115brz8._.js:2431
[   17268ms] [WARNING] Missing translation for key: activeGames.noGames in language: en @ http://localhost:3210/_next/static/chunks/node_modules_next_dist_115brz8._.js:2431
[   17268ms] [WARNING] Missing key: activeGames.noGames, falling back to key as value @ http://localhost:3210/_next/static/chunks/node_modules_next_dist_115brz8._.js:2431
[   17283ms] [LOG] [Fast Refresh] rebuilding @ http://localhost:3210/_next/static/chunks/node_modules_next_dist_115brz8._.js:2431
[   17342ms] [LOG] [Fast Refresh] done in 159ms @ http://localhost:3210/_next/static/chunks/node_modules_next_dist_115brz8._.js:2431
[   17657ms] [WARNING] Missing translation for key: forum.activityTitle in language: en @ http://localhost:3210/_next/static/chunks/node_modules_next_dist_115brz8._.js:2431
[   17657ms] [WARNING] Missing key: forum.activityTitle, falling back to key as value @ http://localhost:3210/_next/static/chunks/node_modules_next_dist_115brz8._.js:2431
[   17657ms] [WARNING] Missing translation for key: forum.viewForum in language: en @ http://localhost:3210/_next/static/chunks/node_modules_next_dist_115brz8._.js:2431
[   17658ms] [WARNING] Missing key: forum.viewForum, falling back to key as value @ http://localhost:3210/_next/static/chunks/node_modules_next_dist_115brz8._.js:2431
[   17658ms] [WARNING] Missing translation for key: forum.noRecentActivity in language: en @ http://localhost:3210/_next/static/chunks/node_modules_next_dist_115brz8._.js:2431
[   17658ms] [WARNING] Missing key: forum.noRecentActivity, falling back to key as value @ http://localhost:3210/_next/static/chunks/node_modules_next_dist_115brz8._.js:2431
[   17658ms] [WARNING] Missing translation for key: forum.activityTitle in language: en @ http://localhost:3210/_next/static/chunks/node_modules_next_dist_115brz8._.js:2431
[   17658ms] [WARNING] Missing key: forum.activityTitle, falling back to key as value @ http://localhost:3210/_next/static/chunks/node_modules_next_dist_115brz8._.js:2431
[   17658ms] [WARNING] Missing translation for key: forum.viewForum in language: en @ http://localhost:3210/_next/static/chunks/node_modules_next_dist_115brz8._.js:2431
[   17658ms] [WARNING] Missing key: forum.viewForum, falling back to key as value @ http://localhost:3210/_next/static/chunks/node_modules_next_dist_115brz8._.js:2431
[   17658ms] [WARNING] Missing translation for key: forum.noRecentActivity in language: en @ http://localhost:3210/_next/static/chunks/node_modules_next_dist_115brz8._.js:2431
[   17658ms] [WARNING] Missing key: forum.noRecentActivity, falling back to key as value @ http://localhost:3210/_next/static/chunks/node_modules_next_dist_115brz8._.js:2431
[   17662ms] [WARNING] Missing translation for key: activeGames.title in language: en @ http://localhost:3210/_next/static/chunks/node_modules_next_dist_115brz8._.js:2431
[   17662ms] [WARNING] Missing key: activeGames.title, falling back to key as value @ http://localhost:3210/_next/static/chunks/node_modules_next_dist_115brz8._.js:2431
[   17662ms] [WARNING] Missing translation for key: activeGames.noGames in language: en @ http://localhost:3210/_next/static/chunks/node_modules_next_dist_115brz8._.js:2431
[   17662ms] [WARNING] Missing key: activeGames.noGames, falling back to key as value @ http://localhost:3210/_next/static/chunks/node_modules_next_dist_115brz8._.js:2431
[   17663ms] [WARNING] Missing translation for key: activeGames.title in language: en @ http://localhost:3210/_next/static/chunks/node_modules_next_dist_115brz8._.js:2431
[   17663ms] [WARNING] Missing key: activeGames.title, falling back to key as value @ http://localhost:3210/_next/static/chunks/node_modules_next_dist_115brz8._.js:2431
[   17663ms] [WARNING] Missing translation for key: activeGames.noGames in language: en @ http://localhost:3210/_next/static/chunks/node_modules_next_dist_115brz8._.js:2431
[   17663ms] [WARNING] Missing key: activeGames.noGames, falling back to key as value @ http://localhost:3210/_next/static/chunks/node_modules_next_dist_115brz8._.js:2431
[   17792ms] [LOG] [Fast Refresh] rebuilding @ http://localhost:3210/_next/static/chunks/node_modules_next_dist_115brz8._.js:2431
[   17809ms] [LOG] [Fast Refresh] done in 119ms @ http://localhost:3210/_next/static/chunks/node_modules_next_dist_115brz8._.js:2431
[   20050ms] [ERROR] Failed to load resource: the server responded with a status of 409 (Conflict) @ http://localhost:3210/api/survey:0
[   33274ms] [INFO] %cDownload the React DevTools for a better development experience: https://react.dev/link/react-devtools font-weight:bold @ http://football.oracle-games.local:3210/_next/static/chunks/node_modules_next_dist_115brz8._.js:2431
[   33327ms] [LOG] [HMR] connected @ http://football.oracle-games.local:3210/_next/static/chunks/node_modules_next_dist_115brz8._.js:2431
[   33356ms] [LOG] 📡 Using production Firebase @ http://football.oracle-games.local:3210/_next/static/chunks/node_modules_next_dist_115brz8._.js:2431
[   33406ms] [ERROR] Failed to load resource: the server responded with a status of 401 (Unauthorized) @ http://football.oracle-games.local:3210/api/auth/session/restore:0
[   33421ms] [LOG] [IndexedDB] Upgrading database from version 0 to 5 @ http://football.oracle-games.local:3210/_next/static/chunks/node_modules_next_dist_115brz8._.js:2431
[   33423ms] [LOG] [PlayerTeamsContext] Fetching fresh player teams data for 2026-04-13 @ http://football.oracle-games.local:3210/_next/static/chunks/node_modules_next_dist_115brz8._.js:2431
[   33423ms] [LOG] [RankingsContext] Fetching fresh rankings data for 2026-04-13 @ http://football.oracle-games.local:3210/_next/static/chunks/node_modules_next_dist_115brz8._.js:2431
[   33423ms] [LOG] [PlayerTeamsContext] Fetching fresh player teams data for 2026-04-13 @ http://football.oracle-games.local:3210/_next/static/chunks/node_modules_next_dist_115brz8._.js:2431
[   33423ms] [LOG] [RankingsContext] Fetching fresh rankings data for 2026-04-13 @ http://football.oracle-games.local:3210/_next/static/chunks/node_modules_next_dist_115brz8._.js:2431
[   33475ms] [WARNING] Missing translation for key: login.title in language: en @ http://football.oracle-games.local:3210/_next/static/chunks/node_modules_next_dist_115brz8._.js:2431
[   33476ms] [WARNING] Missing key: login.title, falling back to key as value @ http://football.oracle-games.local:3210/_next/static/chunks/node_modules_next_dist_115brz8._.js:2431
[   33476ms] [WARNING] Missing translation for key: login.description in language: en @ http://football.oracle-games.local:3210/_next/static/chunks/node_modules_next_dist_115brz8._.js:2431
[   33476ms] [WARNING] Missing key: login.description, falling back to key as value @ http://football.oracle-games.local:3210/_next/static/chunks/node_modules_next_dist_115brz8._.js:2431
[   33476ms] [WARNING] Missing translation for key: login.title in language: en @ http://football.oracle-games.local:3210/_next/static/chunks/node_modules_next_dist_115brz8._.js:2431
[   33476ms] [WARNING] Missing key: login.title, falling back to key as value @ http://football.oracle-games.local:3210/_next/static/chunks/node_modules_next_dist_115brz8._.js:2431
[   33477ms] [WARNING] Missing translation for key: login.description in language: en @ http://football.oracle-games.local:3210/_next/static/chunks/node_modules_next_dist_115brz8._.js:2431
[   33477ms] [WARNING] Missing key: login.description, falling back to key as value @ http://football.oracle-games.local:3210/_next/static/chunks/node_modules_next_dist_115brz8._.js:2431
[   33488ms] [WARNING] Missing translation for key: login.email in language: en @ http://football.oracle-games.local:3210/_next/static/chunks/node_modules_next_dist_115brz8._.js:2431
[   33488ms] [WARNING] Missing key: login.email, falling back to key as value @ http://football.oracle-games.local:3210/_next/static/chunks/node_modules_next_dist_115brz8._.js:2431
[   33488ms] [WARNING] Missing translation for key: login.email in language: en @ http://football.oracle-games.local:3210/_next/static/chunks/node_modules_next_dist_115brz8._.js:2431
[   33488ms] [WARNING] Missing key: login.email, falling back to key as value @ http://football.oracle-games.local:3210/_next/static/chunks/node_modules_next_dist_115brz8._.js:2431
[   33489ms] [WARNING] Missing translation for key: login.password in language: en @ http://football.oracle-games.local:3210/_next/static/chunks/node_modules_next_dist_115brz8._.js:2431
[   33489ms] [WARNING] Missing key: login.password, falling back to key as value @ http://football.oracle-games.local:3210/_next/static/chunks/node_modules_next_dist_115brz8._.js:2431
[   33489ms] [WARNING] Missing translation for key: login.password in language: en @ http://football.oracle-games.local:3210/_next/static/chunks/node_modules_next_dist_115brz8._.js:2431
[   33489ms] [WARNING] Missing key: login.password, falling back to key as value @ http://football.oracle-games.local:3210/_next/static/chunks/node_modules_next_dist_115brz8._.js:2431
[   33489ms] [WARNING] Missing translation for key: login.stayLoggedIn in language: en @ http://football.oracle-games.local:3210/_next/static/chunks/node_modules_next_dist_115brz8._.js:2431
[   33490ms] [WARNING] Missing key: login.stayLoggedIn, falling back to key as value @ http://football.oracle-games.local:3210/_next/static/chunks/node_modules_next_dist_115brz8._.js:2431
[   33490ms] [WARNING] Missing translation for key: login.forgotPassword in language: en @ http://football.oracle-games.local:3210/_next/static/chunks/node_modules_next_dist_115brz8._.js:2431
[   33490ms] [WARNING] Missing key: login.forgotPassword, falling back to key as value @ http://football.oracle-games.local:3210/_next/static/chunks/node_modules_next_dist_115brz8._.js:2431
[   33490ms] [WARNING] Missing translation for key: login.submit in language: en @ http://football.oracle-games.local:3210/_next/static/chunks/node_modules_next_dist_115brz8._.js:2431
[   33490ms] [WARNING] Missing key: login.submit, falling back to key as value @ http://football.oracle-games.local:3210/_next/static/chunks/node_modules_next_dist_115brz8._.js:2431
[   33490ms] [WARNING] Missing translation for key: login.orLoginWith in language: en @ http://football.oracle-games.local:3210/_next/static/chunks/node_modules_next_dist_115brz8._.js:2431
[   33490ms] [WARNING] Missing key: login.orLoginWith, falling back to key as value @ http://football.oracle-games.local:3210/_next/static/chunks/node_modules_next_dist_115brz8._.js:2431
[   33490ms] [WARNING] Missing translation for key: login.loginWithGoogle in language: en @ http://football.oracle-games.local:3210/_next/static/chunks/node_modules_next_dist_115brz8._.js:2431
[   33491ms] [WARNING] Missing key: login.loginWithGoogle, falling back to key as value @ http://football.oracle-games.local:3210/_next/static/chunks/node_modules_next_dist_115brz8._.js:2431
[   33491ms] [WARNING] Missing translation for key: login.noAccount in language: en @ http://football.oracle-games.local:3210/_next/static/chunks/node_modules_next_dist_115brz8._.js:2431
[   33491ms] [WARNING] Missing key: login.noAccount, falling back to key as value @ http://football.oracle-games.local:3210/_next/static/chunks/node_modules_next_dist_115brz8._.js:2431
[   33491ms] [WARNING] Missing translation for key: login.registerLink in language: en @ http://football.oracle-games.local:3210/_next/static/chunks/node_modules_next_dist_115brz8._.js:2431
[   33491ms] [WARNING] Missing key: login.registerLink, falling back to key as value @ http://football.oracle-games.local:3210/_next/static/chunks/node_modules_next_dist_115brz8._.js:2431
[   33491ms] [WARNING] Missing translation for key: login.email in language: en @ http://football.oracle-games.local:3210/_next/static/chunks/node_modules_next_dist_115brz8._.js:2431
[   33491ms] [WARNING] Missing key: login.email, falling back to key as value @ http://football.oracle-games.local:3210/_next/static/chunks/node_modules_next_dist_115brz8._.js:2431
[   33491ms] [WARNING] Missing translation for key: login.email in language: en @ http://football.oracle-games.local:3210/_next/static/chunks/node_modules_next_dist_115brz8._.js:2431
[   33491ms] [WARNING] Missing key: login.email, falling back to key as value @ http://football.oracle-games.local:3210/_next/static/chunks/node_modules_next_dist_115brz8._.js:2431
[   33492ms] [WARNING] Missing translation for key: login.password in language: en @ http://football.oracle-games.local:3210/_next/static/chunks/node_modules_next_dist_115brz8._.js:2431
[   33492ms] [WARNING] Missing key: login.password, falling back to key as value @ http://football.oracle-games.local:3210/_next/static/chunks/node_modules_next_dist_115brz8._.js:2431
[   33492ms] [WARNING] Missing translation for key: login.password in language: en @ http://football.oracle-games.local:3210/_next/static/chunks/node_modules_next_dist_115brz8._.js:2431
[   33492ms] [WARNING] Missing key: login.password, falling back to key as value @ http://football.oracle-games.local:3210/_next/static/chunks/node_modules_next_dist_115brz8._.js:2431
[   33492ms] [WARNING] Missing translation for key: login.stayLoggedIn in language: en @ http://football.oracle-games.local:3210/_next/static/chunks/node_modules_next_dist_115brz8._.js:2431
[   33492ms] [WARNING] Missing key: login.stayLoggedIn, falling back to key as value @ http://football.oracle-games.local:3210/_next/static/chunks/node_modules_next_dist_115brz8._.js:2431
[   33492ms] [WARNING] Missing translation for key: login.forgotPassword in language: en @ http://football.oracle-games.local:3210/_next/static/chunks/node_modules_next_dist_115brz8._.js:2431
[   33492ms] [WARNING] Missing key: login.forgotPassword, falling back to key as value @ http://football.oracle-games.local:3210/_next/static/chunks/node_modules_next_dist_115brz8._.js:2431
[   33493ms] [WARNING] Missing translation for key: login.submit in language: en @ http://football.oracle-games.local:3210/_next/static/chunks/node_modules_next_dist_115brz8._.js:2431
[   33493ms] [WARNING] Missing key: login.submit, falling back to key as value @ http://football.oracle-games.local:3210/_next/static/chunks/node_modules_next_dist_115brz8._.js:2431
[   33493ms] [WARNING] Missing translation for key: login.orLoginWith in language: en @ http://football.oracle-games.local:3210/_next/static/chunks/node_modules_next_dist_115brz8._.js:2431
[   33493ms] [WARNING] Missing key: login.orLoginWith, falling back to key as value @ http://football.oracle-games.local:3210/_next/static/chunks/node_modules_next_dist_115brz8._.js:2431
[   33493ms] [WARNING] Missing translation for key: login.loginWithGoogle in language: en @ http://football.oracle-games.local:3210/_next/static/chunks/node_modules_next_dist_115brz8._.js:2431
[   33493ms] [WARNING] Missing key: login.loginWithGoogle, falling back to key as value @ http://football.oracle-games.local:3210/_next/static/chunks/node_modules_next_dist_115brz8._.js:2431
[   33493ms] [WARNING] Missing translation for key: login.noAccount in language: en @ http://football.oracle-games.local:3210/_next/static/chunks/node_modules_next_dist_115brz8._.js:2431
[   33494ms] [WARNING] Missing key: login.noAccount, falling back to key as value @ http://football.oracle-games.local:3210/_next/static/chunks/node_modules_next_dist_115brz8._.js:2431
[   33494ms] [WARNING] Missing translation for key: login.registerLink in language: en @ http://football.oracle-games.local:3210/_next/static/chunks/node_modules_next_dist_115brz8._.js:2431
[   33494ms] [WARNING] Missing key: login.registerLink, falling back to key as value @ http://football.oracle-games.local:3210/_next/static/chunks/node_modules_next_dist_115brz8._.js:2431
[   33524ms] [WARNING] Missing translation for key: login.email in language: en @ http://football.oracle-games.local:3210/_next/static/chunks/node_modules_next_dist_115brz8._.js:2431
[   33524ms] [WARNING] Missing key: login.email, falling back to key as value @ http://football.oracle-games.local:3210/_next/static/chunks/node_modules_next_dist_115brz8._.js:2431
[   33525ms] [WARNING] Missing translation for key: login.email in language: en @ http://football.oracle-games.local:3210/_next/static/chunks/node_modules_next_dist_115brz8._.js:2431
[   33525ms] [WARNING] Missing key: login.email, falling back to key as value @ http://football.oracle-games.local:3210/_next/static/chunks/node_modules_next_dist_115brz8._.js:2431
[   33525ms] [WARNING] Missing translation for key: login.password in language: en @ http://football.oracle-games.local:3210/_next/static/chunks/node_modules_next_dist_115brz8._.js:2431
[   33525ms] [WARNING] Missing key: login.password, falling back to key as value @ http://football.oracle-games.local:3210/_next/static/chunks/node_modules_next_dist_115brz8._.js:2431
[   33525ms] [WARNING] Missing translation for key: login.password in language: en @ http://football.oracle-games.local:3210/_next/static/chunks/node_modules_next_dist_115brz8._.js:2431
[   33525ms] [WARNING] Missing key: login.password, falling back to key as value @ http://football.oracle-games.local:3210/_next/static/chunks/node_modules_next_dist_115brz8._.js:2431
[   33526ms] [WARNING] Missing translation for key: login.stayLoggedIn in language: en @ http://football.oracle-games.local:3210/_next/static/chunks/node_modules_next_dist_115brz8._.js:2431
[   33526ms] [WARNING] Missing key: login.stayLoggedIn, falling back to key as value @ http://football.oracle-games.local:3210/_next/static/chunks/node_modules_next_dist_115brz8._.js:2431
[   33526ms] [WARNING] Missing translation for key: login.forgotPassword in language: en @ http://football.oracle-games.local:3210/_next/static/chunks/node_modules_next_dist_115brz8._.js:2431
[   33526ms] [WARNING] Missing key: login.forgotPassword, falling back to key as value @ http://football.oracle-games.local:3210/_next/static/chunks/node_modules_next_dist_115brz8._.js:2431
[   33526ms] [WARNING] Missing translation for key: login.submit in language: en @ http://football.oracle-games.local:3210/_next/static/chunks/node_modules_next_dist_115brz8._.js:2431
[   33527ms] [WARNING] Missing key: login.submit, falling back to key as value @ http://football.oracle-games.local:3210/_next/static/chunks/node_modules_next_dist_115brz8._.js:2431
[   33527ms] [WARNING] Missing translation for key: login.orLoginWith in language: en @ http://football.oracle-games.local:3210/_next/static/chunks/node_modules_next_dist_115brz8._.js:2431
[   33527ms] [WARNING] Missing key: login.orLoginWith, falling back to key as value @ http://football.oracle-games.local:3210/_next/static/chunks/node_modules_next_dist_115brz8._.js:2431
[   33527ms] [WARNING] Missing translation for key: login.loginWithGoogle in language: en @ http://football.oracle-games.local:3210/_next/static/chunks/node_modules_next_dist_115brz8._.js:2431
[   33527ms] [WARNING] Missing key: login.loginWithGoogle, falling back to key as value @ http://football.oracle-games.local:3210/_next/static/chunks/node_modules_next_dist_115brz8._.js:2431
[   33528ms] [WARNING] Missing translation for key: login.noAccount in language: en @ http://football.oracle-games.local:3210/_next/static/chunks/node_modules_next_dist_115brz8._.js:2431
[   33528ms] [WARNING] Missing key: login.noAccount, falling back to key as value @ http://football.oracle-games.local:3210/_next/static/chunks/node_modules_next_dist_115brz8._.js:2431
[   33528ms] [WARNING] Missing translation for key: login.registerLink in language: en @ http://football.oracle-games.local:3210/_next/static/chunks/node_modules_next_dist_115brz8._.js:2431
[   33528ms] [WARNING] Missing key: login.registerLink, falling back to key as value @ http://football.oracle-games.local:3210/_next/static/chunks/node_modules_next_dist_115brz8._.js:2431
[   33528ms] [WARNING] Missing translation for key: login.email in language: en @ http://football.oracle-games.local:3210/_next/static/chunks/node_modules_next_dist_115brz8._.js:2431
[   33529ms] [WARNING] Missing key: login.email, falling back to key as value @ http://football.oracle-games.local:3210/_next/static/chunks/node_modules_next_dist_115brz8._.js:2431
[   33529ms] [WARNING] Missing translation for key: login.email in language: en @ http://football.oracle-games.local:3210/_next/static/chunks/node_modules_next_dist_115brz8._.js:2431
[   33529ms] [WARNING] Missing key: login.email, falling back to key as value @ http://football.oracle-games.local:3210/_next/static/chunks/node_modules_next_dist_115brz8._.js:2431
[   33529ms] [WARNING] Missing translation for key: login.password in language: en @ http://football.oracle-games.local:3210/_next/static/chunks/node_modules_next_dist_115brz8._.js:2431
[   33529ms] [WARNING] Missing key: login.password, falling back to key as value @ http://football.oracle-games.local:3210/_next/static/chunks/node_modules_next_dist_115brz8._.js:2431
[   33529ms] [WARNING] Missing translation for key: login.password in language: en @ http://football.oracle-games.local:3210/_next/static/chunks/node_modules_next_dist_115brz8._.js:2431
[   33529ms] [WARNING] Missing key: login.password, falling back to key as value @ http://football.oracle-games.local:3210/_next/static/chunks/node_modules_next_dist_115brz8._.js:2431
[   33530ms] [WARNING] Missing translation for key: login.stayLoggedIn in language: en @ http://football.oracle-games.local:3210/_next/static/chunks/node_modules_next_dist_115brz8._.js:2431
[   33530ms] [WARNING] Missing key: login.stayLoggedIn, falling back to key as value @ http://football.oracle-games.local:3210/_next/static/chunks/node_modules_next_dist_115brz8._.js:2431
[   33530ms] [WARNING] Missing translation for key: login.forgotPassword in language: en @ http://football.oracle-games.local:3210/_next/static/chunks/node_modules_next_dist_115brz8._.js:2431
[   33530ms] [WARNING] Missing key: login.forgotPassword, falling back to key as value @ http://football.oracle-games.local:3210/_next/static/chunks/node_modules_next_dist_115brz8._.js:2431
[   33530ms] [WARNING] Missing translation for key: login.submit in language: en @ http://football.oracle-games.local:3210/_next/static/chunks/node_modules_next_dist_115brz8._.js:2431
[   33531ms] [WARNING] Missing key: login.submit, falling back to key as value @ http://football.oracle-games.local:3210/_next/static/chunks/node_modules_next_dist_115brz8._.js:2431
[   33531ms] [WARNING] Missing translation for key: login.orLoginWith in language: en @ http://football.oracle-games.local:3210/_next/static/chunks/node_modules_next_dist_115brz8._.js:2431
[   33531ms] [WARNING] Missing key: login.orLoginWith, falling back to key as value @ http://football.oracle-games.local:3210/_next/static/chunks/node_modules_next_dist_115brz8._.js:2431
[   33531ms] [WARNING] Missing translation for key: login.loginWithGoogle in language: en @ http://football.oracle-games.local:3210/_next/static/chunks/node_modules_next_dist_115brz8._.js:2431
[   33531ms] [WARNING] Missing key: login.loginWithGoogle, falling back to key as value @ http://football.oracle-games.local:3210/_next/static/chunks/node_modules_next_dist_115brz8._.js:2431
[   33532ms] [WARNING] Missing translation for key: login.noAccount in language: en @ http://football.oracle-games.local:3210/_next/static/chunks/node_modules_next_dist_115brz8._.js:2431
[   33532ms] [WARNING] Missing key: login.noAccount, falling back to key as value @ http://football.oracle-games.local:3210/_next/static/chunks/node_modules_next_dist_115brz8._.js:2431
[   33532ms] [WARNING] Missing translation for key: login.registerLink in language: en @ http://football.oracle-games.local:3210/_next/static/chunks/node_modules_next_dist_115brz8._.js:2431
[   33532ms] [WARNING] Missing key: login.registerLink, falling back to key as value @ http://football.oracle-games.local:3210/_next/static/chunks/node_modules_next_dist_115brz8._.js:2431
[   33544ms] [LOG] %c[Vercel Speed Insights]%c Debug mode is enabled by default in development. No requests will be sent to the server. color: rgb(120, 120, 120) color: inherit @ http://football.oracle-games.local:3210/_next/static/chunks/node_modules_next_dist_115brz8._.js:2431
[   33611ms] [VERBOSE] [DOM] Input elements should have autocomplete attributes (suggested: "current-password"): (More info: https://goo.gl/9p2vKq) %o @ http://football.oracle-games.local:3210/login:0
[   33640ms] [LOG] [Fast Refresh] rebuilding @ http://football.oracle-games.local:3210/_next/static/chunks/node_modules_next_dist_115brz8._.js:2431
[   33657ms] [LOG] [RankingsContext] Fetched 2602 riders from API @ http://football.oracle-games.local:3210/_next/static/chunks/node_modules_next_dist_115brz8._.js:2431
[   33668ms] [LOG] Successfully cached rankings_2026_2026-04-13 to IndexedDB (2.89MB) @ http://football.oracle-games.local:3210/_next/static/chunks/node_modules_next_dist_115brz8._.js:2431
[   33671ms] [LOG] [RankingsContext] Fetched 2602 riders from API @ http://football.oracle-games.local:3210/_next/static/chunks/node_modules_next_dist_115brz8._.js:2431
[   33688ms] [LOG] Successfully cached rankings_2026_2026-04-13 to IndexedDB (2.89MB) @ http://football.oracle-games.local:3210/_next/static/chunks/node_modules_next_dist_115brz8._.js:2431
[   33832ms] [LOG] [Fast Refresh] done in 292ms @ http://football.oracle-games.local:3210/_next/static/chunks/node_modules_next_dist_115brz8._.js:2431
[   37053ms] [LOG] [PlayerTeamsContext] Fetched 4755 riders from API, 537 unique riders @ http://football.oracle-games.local:3210/_next/static/chunks/node_modules_next_dist_115brz8._.js:2431
[   37088ms] [LOG] Successfully cached playerTeams_2026-04-13 to IndexedDB (10.97MB) @ http://football.oracle-games.local:3210/_next/static/chunks/node_modules_next_dist_115brz8._.js:2431
[   38243ms] [LOG] [PlayerTeamsContext] Fetched 4755 riders from API, 537 unique riders @ http://football.oracle-games.local:3210/_next/static/chunks/node_modules_next_dist_115brz8._.js:2431
[   38273ms] [LOG] Successfully cached playerTeams_2026-04-13 to IndexedDB (10.97MB) @ http://football.oracle-games.local:3210/_next/static/chunks/node_modules_next_dist_115brz8._.js:2431
[   40467ms] [LOG] Firebase persistence set to: LOCAL (stays logged in) @ http://football.oracle-games.local:3210/_next/static/chunks/node_modules_next_dist_115brz8._.js:2431
[   42542ms] [LOG] User logged in successfully @ http://football.oracle-games.local:3210/_next/static/chunks/node_modules_next_dist_115brz8._.js:2431
[   42633ms] [ERROR] Failed to load resource: the server responded with a status of 401 (Unauthorized) @ http://football.oracle-games.local:3210/api/messages/unread-summary?userId=susJrdCk7KPOGdxM5JI9WfThW1o2:0
[   42633ms] [ERROR] Error fetching unread summary: Error: Failed to fetch unread summary
    at http://football.oracle-games.local:3210/_next/static/chunks/_0~v.phv._.js:685:23 @ http://football.oracle-games.local:3210/_next/static/chunks/node_modules_next_dist_115brz8._.js:3272
[   42673ms] [LOG] [PlayerTeamsContext] Using cached player teams data (4755 riders, 2026-04-13) @ http://football.oracle-games.local:3210/_next/static/chunks/node_modules_next_dist_115brz8._.js:2431
[   42679ms] [LOG] [RankingsContext] Using cached rankings data (2602 riders, 2026-04-13) @ http://football.oracle-games.local:3210/_next/static/chunks/node_modules_next_dist_115brz8._.js:2431
[   48316ms] [ERROR] Failed to load resource: the server responded with a status of 409 (Conflict) @ http://football.oracle-games.local:3210/api/survey:0
[   77123ms] [LOG] [Fast Refresh] rebuilding @ http://football.oracle-games.local:3210/_next/static/chunks/node_modules_next_dist_115brz8._.js:2431
[   77289ms] [LOG] [Fast Refresh] done in 215ms @ http://football.oracle-games.local:3210/_next/static/chunks/node_modules_next_dist_115brz8._.js:2431
